2025-09-11 22:13:20,791 - INFO - Initializing exchanges...
2025-09-11 22:13:20,845 - INFO - Running on http://0.0.0.0:5001 (CTRL + C to quit)
2025-09-11 22:13:29,329 - INFO - Successfully initialized bybit
2025-09-11 22:13:35,385 - INFO - Successfully initialized kucoin
2025-09-11 22:13:39,777 - INFO - Successfully initialized bingx
2025-09-11 22:13:57,660 - INFO - Successfully initialized gate
2025-09-11 22:14:05,552 - INFO - Successfully initialized binance
2025-09-11 22:14:05,553 - INFO - Starting all arbitrage scanners...
2025-09-11 22:14:05,556 - INFO - Starting cross-exchange price streams...
2025-09-11 22:14:05,559 - INFO - Starting Triangular Arbitrage Engine...
2025-09-11 22:14:05,560 - INFO - Initialized 5 exchanges: ['bybit', 'kucoin', 'bingx', 'gate', 'binance']
2025-09-11 22:14:05,562 - INFO - Starting triangular opportunity scanning...
2025-09-11 22:14:05,567 - INFO - Start polling
2025-09-11 22:14:05,571 - INFO - [bybit] Subscribing to FIL/USDT...
2025-09-11 22:14:05,575 - INFO - [bybit] Subscribing to QTUM/USDT...
2025-09-11 22:14:05,592 - INFO - [bybit] Subscribing to DOT/USDT...
2025-09-11 22:14:05,594 - INFO - [bybit] Subscribing to XRP/USDT...
2025-09-11 22:14:05,625 - INFO - [bybit] Subscribing to ADA/USDT...
2025-09-11 22:14:05,672 - INFO - [kucoin] Subscribing to FIL/USDT...
2025-09-11 22:14:05,688 - INFO - [kucoin] Subscribing to QTUM/USDT...
2025-09-11 22:14:05,725 - INFO - [kucoin] Subscribing to DOT/USDT...
2025-09-11 22:14:05,841 - INFO - [kucoin] Subscribing to XRP/USDT...
2025-09-11 22:14:05,918 - INFO - [kucoin] Subscribing to ADA/USDT...
2025-09-11 22:14:05,949 - INFO - [bingx] Subscribing to FIL/USDT...
2025-09-11 22:14:06,010 - INFO - [bingx] Subscribing to QTUM/USDT...
2025-09-11 22:14:06,057 - INFO - [bingx] Subscribing to DOT/USDT...
2025-09-11 22:14:06,088 - INFO - [bingx] Subscribing to XRP/USDT...
2025-09-11 22:14:06,120 - INFO - [bingx] Subscribing to ADA/USDT...
2025-09-11 22:14:06,152 - INFO - [gate] Subscribing to FIL/USDT...
2025-09-11 22:14:06,167 - INFO - [gate] Subscribing to QTUM/USDT...
2025-09-11 22:14:06,191 - INFO - [gate] Subscribing to DOT/USDT...
2025-09-11 22:14:06,194 - INFO - [gate] Subscribing to XRP/USDT...
2025-09-11 22:14:06,204 - INFO - [gate] Subscribing to ADA/USDT...
2025-09-11 22:14:06,204 - INFO - [binance] Subscribing to FIL/USDT...
2025-09-11 22:14:06,232 - INFO - [binance] Subscribing to QTUM/USDT...
2025-09-11 22:14:06,259 - INFO - [binance] Subscribing to DOT/USDT...
2025-09-11 22:14:06,269 - INFO - [binance] Subscribing to XRP/USDT...
2025-09-11 22:14:06,282 - INFO - [binance] Subscribing to ADA/USDT...
2025-09-11 22:14:06,295 - INFO - [bybit] Initializing triangular scanner...
2025-09-11 22:14:06,320 - INFO - [bybit] Found 670 active spot markets.
2025-09-11 22:14:07,908 - INFO - [bybit] Generated 681 total triangular paths.
2025-09-11 22:14:07,939 - INFO - [bybit] Filtered to 675 priority paths.
2025-09-11 22:14:07,953 - INFO - [bybit] Generated 675 paths across 261 symbols.
2025-09-11 22:14:07,969 - INFO - [kucoin] Initializing triangular scanner...
2025-09-11 22:14:07,986 - INFO - [kucoin] Found 1305 active spot markets.
2025-09-11 22:14:12,929 - INFO - [kucoin] Generated 1156 total triangular paths.
2025-09-11 22:14:12,978 - INFO - [kucoin] Filtered to 1156 priority paths.
2025-09-11 22:14:12,994 - INFO - [kucoin] Generated 1156 paths across 370 symbols.
2025-09-11 22:14:13,001 - INFO - [bingx] Initializing triangular scanner...
2025-09-11 22:14:13,004 - INFO - [bingx] Found 955 active spot markets.
2025-09-11 22:14:15,899 - INFO - [bingx] Generated 69 total triangular paths.
2025-09-11 22:14:15,899 - INFO - [bingx] Filtered to 69 priority paths.
2025-09-11 22:14:15,899 - INFO - [bingx] Generated 69 paths across 44 symbols.
2025-09-11 22:14:15,899 - INFO - [gate] Initializing triangular scanner...
2025-09-11 22:14:15,924 - INFO - [gate] Found 2650 active spot markets.
2025-09-11 22:14:38,248 - INFO - [gate] Generated 567 total triangular paths.
2025-09-11 22:14:38,248 - INFO - [gate] Filtered to 567 priority paths.
2025-09-11 22:14:38,269 - INFO - [gate] Generated 567 paths across 271 symbols.
2025-09-11 22:14:38,272 - INFO - [binance] Initializing triangular scanner...
2025-09-11 22:14:38,279 - INFO - [binance] Found 1531 active spot markets.
2025-09-11 22:14:40,172 - INFO - [binance] Generated 7650 total triangular paths.
2025-09-11 22:14:40,366 - INFO - [binance] Filtered to 7224 priority paths.
2025-09-11 22:14:40,432 - INFO - [binance] Generated 7224 paths across 1485 symbols.
2025-09-11 22:14:40,484 - INFO - Updating account balances...
2025-09-11 22:14:40,511 - ERROR - [HTTP] Timeout when calling https://app.base44.com/api/apps/68a64cab1d8018e91bdafa59/entities/Exchange
2025-09-11 22:14:40,511 - ERROR - Failed to fetch exchanges from Base44 (status=None)
2025-09-11 22:14:40,602 - WARNING - Failed to fetch balance for bybit (attempt 1): bybit requires "apiKey" credential
2025-09-11 22:14:41,749 - INFO - Run polling for bot @crest_price_bot id=7688967629 - 'Coin Price Updates'
2025-09-11 22:14:43,682 - WARNING - Failed to fetch balance for bybit (attempt 2): bybit requires "apiKey" credential
2025-09-11 22:14:48,858 - WARNING - Failed to fetch balance for bybit (attempt 3): bybit requires "apiKey" credential
2025-09-11 22:14:56,151 - ERROR - Unable to fetch balances for bybit after retries.
2025-09-11 22:14:56,306 - WARNING - Failed to fetch balance for kucoin (attempt 1): kucoin requires "apiKey" credential
2025-09-11 22:14:59,792 - WARNING - Failed to fetch balance for kucoin (attempt 2): kucoin requires "apiKey" credential
2025-09-11 22:15:04,853 - WARNING - Failed to fetch balance for kucoin (attempt 3): kucoin requires "apiKey" credential
2025-09-11 22:15:11,844 - ERROR - Unable to fetch balances for kucoin after retries.
2025-09-11 22:15:11,936 - WARNING - Failed to fetch balance for bingx (attempt 1): bingx requires "apiKey" credential
2025-09-11 22:15:15,125 - WARNING - Failed to fetch balance for bingx (attempt 2): bingx requires "apiKey" credential
2025-09-11 22:15:20,415 - WARNING - Failed to fetch balance for bingx (attempt 3): bingx requires "apiKey" credential
2025-09-11 22:15:27,406 - ERROR - Unable to fetch balances for bingx after retries.
2025-09-11 22:15:27,477 - WARNING - Failed to fetch balance for gate (attempt 1): gate requires "apiKey" credential
2025-09-11 22:15:30,537 - WARNING - Failed to fetch balance for gate (attempt 2): gate requires "apiKey" credential
2025-09-11 22:15:35,563 - WARNING - Failed to fetch balance for gate (attempt 3): gate requires "apiKey" credential
2025-09-11 22:15:42,585 - ERROR - Unable to fetch balances for gate after retries.
2025-09-11 22:15:43,989 - WARNING - Failed to fetch balance for binance (attempt 1): binance requires "apiKey" credential
2025-09-11 22:15:54,620 - WARNING - Failed to fetch balance for binance (attempt 2): binance requires "apiKey" credential
2025-09-11 22:16:00,624 - WARNING - Failed to fetch balance for binance (attempt 3): binance requires "apiKey" credential
2025-09-11 22:16:07,644 - ERROR - Unable to fetch balances for binance after retries.
2025-09-11 22:16:07,646 - INFO - Account balances updated successfully.
2025-09-11 22:16:34,738 - WARNING - [kucoin] Error in symbol watcher for SCRT/USDT: Connection to wss://ws-api-spot.kucoin.com/?token=2neAiuYvAU61ZDXANAGAsiL4-iAExhsBXZxftpOeh_55i3Ysy2q2LEsEWU64mdzUOPusi34M_wGoSf7iNyEWJ3dnaEwTmcmGLLh34Kfla1lRfQ07W44T6NiYB9J6i9GjsxUuhPw3Blq6rhZlGykT3Vp1phUafnulOOpts-MEmEE_kNVXrouX6vUe5QtJ1N3CJBvJHl5Vs9Y%3D.vKIookOKAT7KD7Y8mPCb9g%3D%3D&privateChannel=false&connectId=public timed out due to a ping-pong keepalive missing on time
2025-09-11 22:16:34,738 - WARNING - [kucoin] Error in symbol watcher for AR/BTC: Connection to wss://ws-api-spot.kucoin.com/?token=2neAiuYvAU61ZDXANAGAsiL4-iAExhsBXZxftpOeh_55i3Ysy2q2LEsEWU64mdzUOPusi34M_wGoSf7iNyEWJ3dnaEwTmcmGLLh34Kfla1lRfQ07W44T6NiYB9J6i9GjsxUuhPw3Blq6rhZlGykT3Vp1phUafnulOOpts-MEmEE_kNVXrouX6vUe5QtJ1N3CJBvJHl5Vs9Y%3D.vKIookOKAT7KD7Y8mPCb9g%3D%3D&privateChannel=false&connectId=public timed out due to a ping-pong keepalive missing on time
2025-09-11 22:16:34,738 - WARNING - [kucoin] Error in symbol watcher for TRVL/BTC: Connection to wss://ws-api-spot.kucoin.com/?token=2neAiuYvAU61ZDXANAGAsiL4-iAExhsBXZxftpOeh_55i3Ysy2q2LEsEWU64mdzUOPusi34M_wGoSf7iNyEWJ3dnaEwTmcmGLLh34Kfla1lRfQ07W44T6NiYB9J6i9GjsxUuhPw3Blq6rhZlGykT3Vp1phUafnulOOpts-MEmEE_kNVXrouX6vUe5QtJ1N3CJBvJHl5Vs9Y%3D.vKIookOKAT7KD7Y8mPCb9g%3D%3D&privateChannel=false&connectId=public timed out due to a ping-pong keepalive missing on time
2025-09-11 22:16:34,738 - WARNING - [kucoin] Error in symbol watcher for DGB/ETH: Connection to wss://ws-api-spot.kucoin.com/?token=2neAiuYvAU61ZDXANAGAsiL4-iAExhsBXZxftpOeh_55i3Ysy2q2LEsEWU64mdzUOPusi34M_wGoSf7iNyEWJ3dnaEwTmcmGLLh34Kfla1lRfQ07W44T6NiYB9J6i9GjsxUuhPw3Blq6rhZlGykT3Vp1phUafnulOOpts-MEmEE_kNVXrouX6vUe5QtJ1N3CJBvJHl5Vs9Y%3D.vKIookOKAT7KD7Y8mPCb9g%3D%3D&privateChannel=false&connectId=public timed out due to a ping-pong keepalive missing on time
2025-09-11 22:16:34,738 - WARNING - [kucoin] Error in symbol watcher for FIL/USDT: Connection to wss://ws-api-spot.kucoin.com/?token=2neAiuYvAU61ZDXANAGAsiL4-iAExhsBXZxftpOeh_55i3Ysy2q2LEsEWU64mdzUOPusi34M_wGoSf7iNyEWJ3dnaEwTmcmGLLh34Kfla1lRfQ07W44T6NiYB9J6i9GjsxUuhPw3Blq6rhZlGykT3Vp1phUafnulOOpts-MEmEE_kNVXrouX6vUe5QtJ1N3CJBvJHl5Vs9Y%3D.vKIookOKAT7KD7Y8mPCb9g%3D%3D&privateChannel=false&connectId=public timed out due to a ping-pong keepalive missing on time
2025-09-11 22:16:34,738 - WARNING - [kucoin] Error in symbol watcher for KAS/BTC: Connection to wss://ws-api-spot.kucoin.com/?token=2neAiuYvAU61ZDXANAGAsiL4-iAExhsBXZxftpOeh_55i3Ysy2q2LEsEWU64mdzUOPusi34M_wGoSf7iNyEWJ3dnaEwTmcmGLLh34Kfla1lRfQ07W44T6NiYB9J6i9GjsxUuhPw3Blq6rhZlGykT3Vp1phUafnulOOpts-MEmEE_kNVXrouX6vUe5QtJ1N3CJBvJHl5Vs9Y%3D.vKIookOKAT7KD7Y8mPCb9g%3D%3D&privateChannel=false&connectId=public timed out due to a ping-pong keepalive missing on time
2025-09-11 22:16:34,738 - WARNING - [kucoin] Error in symbol watcher for SNX/ETH: Connection to wss://ws-api-spot.kucoin.com/?token=2neAiuYvAU61ZDXANAGAsiL4-iAExhsBXZxftpOeh_55i3Ysy2q2LEsEWU64mdzUOPusi34M_wGoSf7iNyEWJ3dnaEwTmcmGLLh34Kfla1lRfQ07W44T6NiYB9J6i9GjsxUuhPw3Blq6rhZlGykT3Vp1phUafnulOOpts-MEmEE_kNVXrouX6vUe5QtJ1N3CJBvJHl5Vs9Y%3D.vKIookOKAT7KD7Y8mPCb9g%3D%3D&privateChannel=false&connectId=public timed out due to a ping-pong keepalive missing on time
2025-09-11 22:16:34,738 - WARNING - [kucoin] Error in symbol watcher for QTUM/USDT: Connection to wss://ws-api-spot.kucoin.com/?token=2neAiuYvAU61ZDXANAGAsiL4-iAExhsBXZxftpOeh_55i3Ysy2q2LEsEWU64mdzUOPusi34M_wGoSf7iNyEWJ3dnaEwTmcmGLLh34Kfla1lRfQ07W44T6NiYB9J6i9GjsxUuhPw3Blq6rhZlGykT3Vp1phUafnulOOpts-MEmEE_kNVXrouX6vUe5QtJ1N3CJBvJHl5Vs9Y%3D.vKIookOKAT7KD7Y8mPCb9g%3D%3D&privateChannel=false&connectId=public timed out due to a ping-pong keepalive missing on time
2025-09-11 22:16:34,753 - WARNING - [kucoin] Error in symbol watcher for SUPER/BTC: Connection to wss://ws-api-spot.kucoin.com/?token=2neAiuYvAU61ZDXANAGAsiL4-iAExhsBXZxftpOeh_55i3Ysy2q2LEsEWU64mdzUOPusi34M_wGoSf7iNyEWJ3dnaEwTmcmGLLh34Kfla1lRfQ07W44T6NiYB9J6i9GjsxUuhPw3Blq6rhZlGykT3Vp1phUafnulOOpts-MEmEE_kNVXrouX6vUe5QtJ1N3CJBvJHl5Vs9Y%3D.vKIookOKAT7KD7Y8mPCb9g%3D%3D&privateChannel=false&connectId=public timed out due to a ping-pong keepalive missing on time
2025-09-11 22:16:34,755 - WARNING - [kucoin] Error in symbol watcher for NKN/BTC: Connection to wss://ws-api-spot.kucoin.com/?token=2neAiuYvAU61ZDXANAGAsiL4-iAExhsBXZxftpOeh_55i3Ysy2q2LEsEWU64mdzUOPusi34M_wGoSf7iNyEWJ3dnaEwTmcmGLLh34Kfla1lRfQ07W44T6NiYB9J6i9GjsxUuhPw3Blq6rhZlGykT3Vp1phUafnulOOpts-MEmEE_kNVXrouX6vUe5QtJ1N3CJBvJHl5Vs9Y%3D.vKIookOKAT7KD7Y8mPCb9g%3D%3D&privateChannel=false&connectId=public timed out due to a ping-pong keepalive missing on time
2025-09-11 22:16:34,758 - WARNING - [kucoin] Error in symbol watcher for ALGO/USDT: Connection to wss://ws-api-spot.kucoin.com/?token=2neAiuYvAU61ZDXANAGAsiL4-iAExhsBXZxftpOeh_55i3Ysy2q2LEsEWU64mdzUOPusi34M_wGoSf7iNyEWJ3dnaEwTmcmGLLh34Kfla1lRfQ07W44T6NiYB9J6i9GjsxUuhPw3Blq6rhZlGykT3Vp1phUafnulOOpts-MEmEE_kNVXrouX6vUe5QtJ1N3CJBvJHl5Vs9Y%3D.vKIookOKAT7KD7Y8mPCb9g%3D%3D&privateChannel=false&connectId=public timed out due to a ping-pong keepalive missing on time
2025-09-11 22:16:34,762 - WARNING - [kucoin] Error in symbol watcher for TAO/USDC: Connection to wss://ws-api-spot.kucoin.com/?token=2neAiuYvAU61ZDXANAGAsiL4-iAExhsBXZxftpOeh_55i3Ysy2q2LEsEWU64mdzUOPusi34M_wGoSf7iNyEWJ3dnaEwTmcmGLLh34Kfla1lRfQ07W44T6NiYB9J6i9GjsxUuhPw3Blq6rhZlGykT3Vp1phUafnulOOpts-MEmEE_kNVXrouX6vUe5QtJ1N3CJBvJHl5Vs9Y%3D.vKIookOKAT7KD7Y8mPCb9g%3D%3D&privateChannel=false&connectId=public timed out due to a ping-pong keepalive missing on time
2025-09-11 22:16:34,764 - WARNING - [kucoin] Error in symbol watcher for ADA/USDT: Connection to wss://ws-api-spot.kucoin.com/?token=2neAiuYvAU61ZDXANAGAsiL4-iAExhsBXZxftpOeh_55i3Ysy2q2LEsEWU64mdzUOPusi34M_wGoSf7iNyEWJ3dnaEwTmcmGLLh34Kfla1lRfQ07W44T6NiYB9J6i9GjsxUuhPw3Blq6rhZlGykT3Vp1phUafnulOOpts-MEmEE_kNVXrouX6vUe5QtJ1N3CJBvJHl5Vs9Y%3D.vKIookOKAT7KD7Y8mPCb9g%3D%3D&privateChannel=false&connectId=public timed out due to a ping-pong keepalive missing on time
2025-09-11 22:16:34,766 - WARNING - [kucoin] Error in symbol watcher for USD1/USDT: Connection to wss://ws-api-spot.kucoin.com/?token=2neAiuYvAU61ZDXANAGAsiL4-iAExhsBXZxftpOeh_55i3Ysy2q2LEsEWU64mdzUOPusi34M_wGoSf7iNyEWJ3dnaEwTmcmGLLh34Kfla1lRfQ07W44T6NiYB9J6i9GjsxUuhPw3Blq6rhZlGykT3Vp1phUafnulOOpts-MEmEE_kNVXrouX6vUe5QtJ1N3CJBvJHl5Vs9Y%3D.vKIookOKAT7KD7Y8mPCb9g%3D%3D&privateChannel=false&connectId=public timed out due to a ping-pong keepalive missing on time
2025-09-11 22:16:34,769 - WARNING - [kucoin] Error in symbol watcher for TRAC/USDT: Connection to wss://ws-api-spot.kucoin.com/?token=2neAiuYvAU61ZDXANAGAsiL4-iAExhsBXZxftpOeh_55i3Ysy2q2LEsEWU64mdzUOPusi34M_wGoSf7iNyEWJ3dnaEwTmcmGLLh34Kfla1lRfQ07W44T6NiYB9J6i9GjsxUuhPw3Blq6rhZlGykT3Vp1phUafnulOOpts-MEmEE_kNVXrouX6vUe5QtJ1N3CJBvJHl5Vs9Y%3D.vKIookOKAT7KD7Y8mPCb9g%3D%3D&privateChannel=false&connectId=public timed out due to a ping-pong keepalive missing on time
2025-09-11 22:16:34,770 - WARNING - [kucoin] Error in symbol watcher for DOT/USDT: Connection to wss://ws-api-spot.kucoin.com/?token=2neAiuYvAU61ZDXANAGAsiL4-iAExhsBXZxftpOeh_55i3Ysy2q2LEsEWU64mdzUOPusi34M_wGoSf7iNyEWJ3dnaEwTmcmGLLh34Kfla1lRfQ07W44T6NiYB9J6i9GjsxUuhPw3Blq6rhZlGykT3Vp1phUafnulOOpts-MEmEE_kNVXrouX6vUe5QtJ1N3CJBvJHl5Vs9Y%3D.vKIookOKAT7KD7Y8mPCb9g%3D%3D&privateChannel=false&connectId=public timed out due to a ping-pong keepalive missing on time
2025-09-11 22:16:34,776 - WARNING - [kucoin] Error in symbol watcher for NEO/USDT: Connection to wss://ws-api-spot.kucoin.com/?token=2neAiuYvAU61ZDXANAGAsiL4-iAExhsBXZxftpOeh_55i3Ysy2q2LEsEWU64mdzUOPusi34M_wGoSf7iNyEWJ3dnaEwTmcmGLLh34Kfla1lRfQ07W44T6NiYB9J6i9GjsxUuhPw3Blq6rhZlGykT3Vp1phUafnulOOpts-MEmEE_kNVXrouX6vUe5QtJ1N3CJBvJHl5Vs9Y%3D.vKIookOKAT7KD7Y8mPCb9g%3D%3D&privateChannel=false&connectId=public timed out due to a ping-pong keepalive missing on time
2025-09-11 22:16:34,776 - WARNING - [kucoin] Error in symbol watcher for CHZ/BTC: Connection to wss://ws-api-spot.kucoin.com/?token=2neAiuYvAU61ZDXANAGAsiL4-iAExhsBXZxftpOeh_55i3Ysy2q2LEsEWU64mdzUOPusi34M_wGoSf7iNyEWJ3dnaEwTmcmGLLh34Kfla1lRfQ07W44T6NiYB9J6i9GjsxUuhPw3Blq6rhZlGykT3Vp1phUafnulOOpts-MEmEE_kNVXrouX6vUe5QtJ1N3CJBvJHl5Vs9Y%3D.vKIookOKAT7KD7Y8mPCb9g%3D%3D&privateChannel=false&connectId=public timed out due to a ping-pong keepalive missing on time
2025-09-11 22:16:34,776 - WARNING - [kucoin] Error in symbol watcher for ETH/USDT: Connection to wss://ws-api-spot.kucoin.com/?token=2neAiuYvAU61ZDXANAGAsiL4-iAExhsBXZxftpOeh_55i3Ysy2q2LEsEWU64mdzUOPusi34M_wGoSf7iNyEWJ3dnaEwTmcmGLLh34Kfla1lRfQ07W44T6NiYB9J6i9GjsxUuhPw3Blq6rhZlGykT3Vp1phUafnulOOpts-MEmEE_kNVXrouX6vUe5QtJ1N3CJBvJHl5Vs9Y%3D.vKIookOKAT7KD7Y8mPCb9g%3D%3D&privateChannel=false&connectId=public timed out due to a ping-pong keepalive missing on time
2025-09-11 22:16:34,776 - WARNING - [kucoin] Error in symbol watcher for ETC/BTC: Connection to wss://ws-api-spot.kucoin.com/?token=2neAiuYvAU61ZDXANAGAsiL4-iAExhsBXZxftpOeh_55i3Ysy2q2LEsEWU64mdzUOPusi34M_wGoSf7iNyEWJ3dnaEwTmcmGLLh34Kfla1lRfQ07W44T6NiYB9J6i9GjsxUuhPw3Blq6rhZlGykT3Vp1phUafnulOOpts-MEmEE_kNVXrouX6vUe5QtJ1N3CJBvJHl5Vs9Y%3D.vKIookOKAT7KD7Y8mPCb9g%3D%3D&privateChannel=false&connectId=public timed out due to a ping-pong keepalive missing on time
2025-09-11 22:16:34,794 - WARNING - [kucoin] Error in symbol watcher for XRP/USDT: Connection to wss://ws-api-spot.kucoin.com/?token=2neAiuYvAU61ZDXANAGAsiL4-iAExhsBXZxftpOeh_55i3Ysy2q2LEsEWU64mdzUOPusi34M_wGoSf7iNyEWJ3dnaEwTmcmGLLh34Kfla1lRfQ07W44T6NiYB9J6i9GjsxUuhPw3Blq6rhZlGykT3Vp1phUafnulOOpts-MEmEE_kNVXrouX6vUe5QtJ1N3CJBvJHl5Vs9Y%3D.vKIookOKAT7KD7Y8mPCb9g%3D%3D&privateChannel=false&connectId=public timed out due to a ping-pong keepalive missing on time
2025-09-11 22:16:34,794 - WARNING - [kucoin] Error in symbol watcher for TWT/BTC: Connection to wss://ws-api-spot.kucoin.com/?token=2neAiuYvAU61ZDXANAGAsiL4-iAExhsBXZxftpOeh_55i3Ysy2q2LEsEWU64mdzUOPusi34M_wGoSf7iNyEWJ3dnaEwTmcmGLLh34Kfla1lRfQ07W44T6NiYB9J6i9GjsxUuhPw3Blq6rhZlGykT3Vp1phUafnulOOpts-MEmEE_kNVXrouX6vUe5QtJ1N3CJBvJHl5Vs9Y%3D.vKIookOKAT7KD7Y8mPCb9g%3D%3D&privateChannel=false&connectId=public timed out due to a ping-pong keepalive missing on time
2025-09-11 22:16:34,807 - WARNING - [kucoin] Error in symbol watcher for TRUMP/USDT: Connection to wss://ws-api-spot.kucoin.com/?token=2neAiuYvAU61ZDXANAGAsiL4-iAExhsBXZxftpOeh_55i3Ysy2q2LEsEWU64mdzUOPusi34M_wGoSf7iNyEWJ3dnaEwTmcmGLLh34Kfla1lRfQ07W44T6NiYB9J6i9GjsxUuhPw3Blq6rhZlGykT3Vp1phUafnulOOpts-MEmEE_kNVXrouX6vUe5QtJ1N3CJBvJHl5Vs9Y%3D.vKIookOKAT7KD7Y8mPCb9g%3D%3D&privateChannel=false&connectId=public timed out due to a ping-pong keepalive missing on time
2025-09-11 22:16:34,807 - WARNING - [kucoin] Error in symbol watcher for BTC/USDT: Connection to wss://ws-api-spot.kucoin.com/?token=2neAiuYvAU61ZDXANAGAsiL4-iAExhsBXZxftpOeh_55i3Ysy2q2LEsEWU64mdzUOPusi34M_wGoSf7iNyEWJ3dnaEwTmcmGLLh34Kfla1lRfQ07W44T6NiYB9J6i9GjsxUuhPw3Blq6rhZlGykT3Vp1phUafnulOOpts-MEmEE_kNVXrouX6vUe5QtJ1N3CJBvJHl5Vs9Y%3D.vKIookOKAT7KD7Y8mPCb9g%3D%3D&privateChannel=false&connectId=public timed out due to a ping-pong keepalive missing on time
2025-09-11 22:16:34,807 - WARNING - [kucoin] Error in symbol watcher for FET/USDC: Connection to wss://ws-api-spot.kucoin.com/?token=2neAiuYvAU61ZDXANAGAsiL4-iAExhsBXZxftpOeh_55i3Ysy2q2LEsEWU64mdzUOPusi34M_wGoSf7iNyEWJ3dnaEwTmcmGLLh34Kfla1lRfQ07W44T6NiYB9J6i9GjsxUuhPw3Blq6rhZlGykT3Vp1phUafnulOOpts-MEmEE_kNVXrouX6vUe5QtJ1N3CJBvJHl5Vs9Y%3D.vKIookOKAT7KD7Y8mPCb9g%3D%3D&privateChannel=false&connectId=public timed out due to a ping-pong keepalive missing on time
2025-09-11 22:16:35,056 - INFO - [kucoin] Reconnecting in 30 seconds...
2025-09-11 22:16:35,056 - INFO - [kucoin] Reconnecting in 30 seconds...
2025-09-11 22:16:35,056 - INFO - [kucoin] Reconnecting in 30 seconds...
2025-09-11 22:16:35,056 - INFO - [kucoin] Reconnecting in 30 seconds...
2025-09-11 22:16:35,056 - INFO - [kucoin] Reconnecting in 30 seconds...
2025-09-11 22:16:35,056 - INFO - [kucoin] Reconnecting in 30 seconds...
2025-09-11 22:16:35,056 - INFO - [kucoin] Reconnecting in 30 seconds...
2025-09-11 22:16:35,056 - INFO - [kucoin] Reconnecting in 30 seconds...
2025-09-11 22:16:35,056 - INFO - [kucoin] Reconnecting in 30 seconds...
2025-09-11 22:16:35,056 - INFO - [kucoin] Reconnecting in 30 seconds...
2025-09-11 22:16:35,056 - INFO - [kucoin] Reconnecting in 30 seconds...
2025-09-11 22:16:35,063 - INFO - [kucoin] Reconnecting in 30 seconds...
2025-09-11 22:16:35,064 - INFO - [kucoin] Reconnecting in 30 seconds...
2025-09-11 22:16:35,065 - INFO - [kucoin] Reconnecting in 30 seconds...
2025-09-11 22:16:35,066 - INFO - [kucoin] Reconnecting in 30 seconds...
2025-09-11 22:16:35,069 - INFO - [kucoin] Reconnecting in 30 seconds...
2025-09-11 22:16:35,074 - INFO - [kucoin] Reconnecting in 30 seconds...
2025-09-11 22:16:35,075 - INFO - [kucoin] Reconnecting in 30 seconds...
2025-09-11 22:16:35,076 - INFO - [kucoin] Reconnecting in 30 seconds...
2025-09-11 22:16:35,076 - INFO - [kucoin] Reconnecting in 30 seconds...
2025-09-11 22:16:35,076 - INFO - [kucoin] Reconnecting in 30 seconds...
2025-09-11 22:16:35,076 - INFO - [kucoin] Reconnecting in 30 seconds...
2025-09-11 22:16:35,082 - INFO - [kucoin] Reconnecting in 30 seconds...
2025-09-11 22:16:35,083 - INFO - [kucoin] Reconnecting in 30 seconds...
2025-09-11 22:16:35,086 - INFO - [kucoin] Reconnecting in 30 seconds...
2025-09-11 22:19:45,060 - WARNING - [kucoin] Error in symbol watcher for NKN/BTC: Connection to wss://ws-api-spot.kucoin.com/?token=2neAiuYvAU61ZDXANAGAsiL4-iAExhsBXZxftpOeh_55i3Ysy2q2LEsEWU64mdzUOPusi34M_wGoSf7iNyEWJ3dnaEwTmcmGLLh34Kfla1lRfQ07W44T6NiYB9J6i9GjsxUuhPw3Blq6rhZlGykT3Vp1phUafnulOOpts-MEmEE_kNVXrouX6vUe5QtJ1N3CJBvJHl5Vs9Y%3D.vKIookOKAT7KD7Y8mPCb9g%3D%3D&privateChannel=false&connectId=public timed out due to a ping-pong keepalive missing on time
2025-09-11 22:19:45,060 - WARNING - [kucoin] Error in symbol watcher for AR/BTC: Connection to wss://ws-api-spot.kucoin.com/?token=2neAiuYvAU61ZDXANAGAsiL4-iAExhsBXZxftpOeh_55i3Ysy2q2LEsEWU64mdzUOPusi34M_wGoSf7iNyEWJ3dnaEwTmcmGLLh34Kfla1lRfQ07W44T6NiYB9J6i9GjsxUuhPw3Blq6rhZlGykT3Vp1phUafnulOOpts-MEmEE_kNVXrouX6vUe5QtJ1N3CJBvJHl5Vs9Y%3D.vKIookOKAT7KD7Y8mPCb9g%3D%3D&privateChannel=false&connectId=public timed out due to a ping-pong keepalive missing on time
2025-09-11 22:19:45,060 - WARNING - [kucoin] Error in symbol watcher for NEO/USDT: Connection to wss://ws-api-spot.kucoin.com/?token=2neAiuYvAU61ZDXANAGAsiL4-iAExhsBXZxftpOeh_55i3Ysy2q2LEsEWU64mdzUOPusi34M_wGoSf7iNyEWJ3dnaEwTmcmGLLh34Kfla1lRfQ07W44T6NiYB9J6i9GjsxUuhPw3Blq6rhZlGykT3Vp1phUafnulOOpts-MEmEE_kNVXrouX6vUe5QtJ1N3CJBvJHl5Vs9Y%3D.vKIookOKAT7KD7Y8mPCb9g%3D%3D&privateChannel=false&connectId=public timed out due to a ping-pong keepalive missing on time
2025-09-11 22:19:45,060 - WARNING - [kucoin] Error in symbol watcher for FIL/USDT: Connection to wss://ws-api-spot.kucoin.com/?token=2neAiuYvAU61ZDXANAGAsiL4-iAExhsBXZxftpOeh_55i3Ysy2q2LEsEWU64mdzUOPusi34M_wGoSf7iNyEWJ3dnaEwTmcmGLLh34Kfla1lRfQ07W44T6NiYB9J6i9GjsxUuhPw3Blq6rhZlGykT3Vp1phUafnulOOpts-MEmEE_kNVXrouX6vUe5QtJ1N3CJBvJHl5Vs9Y%3D.vKIookOKAT7KD7Y8mPCb9g%3D%3D&privateChannel=false&connectId=public timed out due to a ping-pong keepalive missing on time
2025-09-11 22:19:45,060 - WARNING - [kucoin] Error in symbol watcher for SNX/ETH: Connection to wss://ws-api-spot.kucoin.com/?token=2neAiuYvAU61ZDXANAGAsiL4-iAExhsBXZxftpOeh_55i3Ysy2q2LEsEWU64mdzUOPusi34M_wGoSf7iNyEWJ3dnaEwTmcmGLLh34Kfla1lRfQ07W44T6NiYB9J6i9GjsxUuhPw3Blq6rhZlGykT3Vp1phUafnulOOpts-MEmEE_kNVXrouX6vUe5QtJ1N3CJBvJHl5Vs9Y%3D.vKIookOKAT7KD7Y8mPCb9g%3D%3D&privateChannel=false&connectId=public timed out due to a ping-pong keepalive missing on time
2025-09-11 22:19:45,060 - WARNING - [kucoin] Error in symbol watcher for CHZ/BTC: Connection to wss://ws-api-spot.kucoin.com/?token=2neAiuYvAU61ZDXANAGAsiL4-iAExhsBXZxftpOeh_55i3Ysy2q2LEsEWU64mdzUOPusi34M_wGoSf7iNyEWJ3dnaEwTmcmGLLh34Kfla1lRfQ07W44T6NiYB9J6i9GjsxUuhPw3Blq6rhZlGykT3Vp1phUafnulOOpts-MEmEE_kNVXrouX6vUe5QtJ1N3CJBvJHl5Vs9Y%3D.vKIookOKAT7KD7Y8mPCb9g%3D%3D&privateChannel=false&connectId=public timed out due to a ping-pong keepalive missing on time
2025-09-11 22:19:45,074 - WARNING - [kucoin] Error in symbol watcher for ALGO/USDT: Connection to wss://ws-api-spot.kucoin.com/?token=2neAiuYvAU61ZDXANAGAsiL4-iAExhsBXZxftpOeh_55i3Ysy2q2LEsEWU64mdzUOPusi34M_wGoSf7iNyEWJ3dnaEwTmcmGLLh34Kfla1lRfQ07W44T6NiYB9J6i9GjsxUuhPw3Blq6rhZlGykT3Vp1phUafnulOOpts-MEmEE_kNVXrouX6vUe5QtJ1N3CJBvJHl5Vs9Y%3D.vKIookOKAT7KD7Y8mPCb9g%3D%3D&privateChannel=false&connectId=public timed out due to a ping-pong keepalive missing on time
2025-09-11 22:19:45,078 - WARNING - [kucoin] Error in symbol watcher for FET/USDC: Connection to wss://ws-api-spot.kucoin.com/?token=2neAiuYvAU61ZDXANAGAsiL4-iAExhsBXZxftpOeh_55i3Ysy2q2LEsEWU64mdzUOPusi34M_wGoSf7iNyEWJ3dnaEwTmcmGLLh34Kfla1lRfQ07W44T6NiYB9J6i9GjsxUuhPw3Blq6rhZlGykT3Vp1phUafnulOOpts-MEmEE_kNVXrouX6vUe5QtJ1N3CJBvJHl5Vs9Y%3D.vKIookOKAT7KD7Y8mPCb9g%3D%3D&privateChannel=false&connectId=public timed out due to a ping-pong keepalive missing on time
2025-09-11 22:19:45,081 - WARNING - [kucoin] Error in symbol watcher for TRUMP/USDT: Connection to wss://ws-api-spot.kucoin.com/?token=2neAiuYvAU61ZDXANAGAsiL4-iAExhsBXZxftpOeh_55i3Ysy2q2LEsEWU64mdzUOPusi34M_wGoSf7iNyEWJ3dnaEwTmcmGLLh34Kfla1lRfQ07W44T6NiYB9J6i9GjsxUuhPw3Blq6rhZlGykT3Vp1phUafnulOOpts-MEmEE_kNVXrouX6vUe5QtJ1N3CJBvJHl5Vs9Y%3D.vKIookOKAT7KD7Y8mPCb9g%3D%3D&privateChannel=false&connectId=public timed out due to a ping-pong keepalive missing on time
2025-09-11 22:19:45,083 - WARNING - [kucoin] Error in symbol watcher for QTUM/USDT: Connection to wss://ws-api-spot.kucoin.com/?token=2neAiuYvAU61ZDXANAGAsiL4-iAExhsBXZxftpOeh_55i3Ysy2q2LEsEWU64mdzUOPusi34M_wGoSf7iNyEWJ3dnaEwTmcmGLLh34Kfla1lRfQ07W44T6NiYB9J6i9GjsxUuhPw3Blq6rhZlGykT3Vp1phUafnulOOpts-MEmEE_kNVXrouX6vUe5QtJ1N3CJBvJHl5Vs9Y%3D.vKIookOKAT7KD7Y8mPCb9g%3D%3D&privateChannel=false&connectId=public timed out due to a ping-pong keepalive missing on time
2025-09-11 22:19:45,085 - WARNING - [kucoin] Error in symbol watcher for ETC/BTC: Connection to wss://ws-api-spot.kucoin.com/?token=2neAiuYvAU61ZDXANAGAsiL4-iAExhsBXZxftpOeh_55i3Ysy2q2LEsEWU64mdzUOPusi34M_wGoSf7iNyEWJ3dnaEwTmcmGLLh34Kfla1lRfQ07W44T6NiYB9J6i9GjsxUuhPw3Blq6rhZlGykT3Vp1phUafnulOOpts-MEmEE_kNVXrouX6vUe5QtJ1N3CJBvJHl5Vs9Y%3D.vKIookOKAT7KD7Y8mPCb9g%3D%3D&privateChannel=false&connectId=public timed out due to a ping-pong keepalive missing on time
2025-09-11 22:19:45,093 - WARNING - [kucoin] Error in symbol watcher for TWT/BTC: Connection to wss://ws-api-spot.kucoin.com/?token=2neAiuYvAU61ZDXANAGAsiL4-iAExhsBXZxftpOeh_55i3Ysy2q2LEsEWU64mdzUOPusi34M_wGoSf7iNyEWJ3dnaEwTmcmGLLh34Kfla1lRfQ07W44T6NiYB9J6i9GjsxUuhPw3Blq6rhZlGykT3Vp1phUafnulOOpts-MEmEE_kNVXrouX6vUe5QtJ1N3CJBvJHl5Vs9Y%3D.vKIookOKAT7KD7Y8mPCb9g%3D%3D&privateChannel=false&connectId=public timed out due to a ping-pong keepalive missing on time
2025-09-11 22:19:45,093 - WARNING - [kucoin] Error in symbol watcher for SUPER/BTC: Connection to wss://ws-api-spot.kucoin.com/?token=2neAiuYvAU61ZDXANAGAsiL4-iAExhsBXZxftpOeh_55i3Ysy2q2LEsEWU64mdzUOPusi34M_wGoSf7iNyEWJ3dnaEwTmcmGLLh34Kfla1lRfQ07W44T6NiYB9J6i9GjsxUuhPw3Blq6rhZlGykT3Vp1phUafnulOOpts-MEmEE_kNVXrouX6vUe5QtJ1N3CJBvJHl5Vs9Y%3D.vKIookOKAT7KD7Y8mPCb9g%3D%3D&privateChannel=false&connectId=public timed out due to a ping-pong keepalive missing on time
2025-09-11 22:19:45,101 - WARNING - [kucoin] Error in symbol watcher for SCRT/USDT: Connection to wss://ws-api-spot.kucoin.com/?token=2neAiuYvAU61ZDXANAGAsiL4-iAExhsBXZxftpOeh_55i3Ysy2q2LEsEWU64mdzUOPusi34M_wGoSf7iNyEWJ3dnaEwTmcmGLLh34Kfla1lRfQ07W44T6NiYB9J6i9GjsxUuhPw3Blq6rhZlGykT3Vp1phUafnulOOpts-MEmEE_kNVXrouX6vUe5QtJ1N3CJBvJHl5Vs9Y%3D.vKIookOKAT7KD7Y8mPCb9g%3D%3D&privateChannel=false&connectId=public timed out due to a ping-pong keepalive missing on time
2025-09-11 22:19:45,110 - WARNING - [kucoin] Error in symbol watcher for TRVL/BTC: Connection to wss://ws-api-spot.kucoin.com/?token=2neAiuYvAU61ZDXANAGAsiL4-iAExhsBXZxftpOeh_55i3Ysy2q2LEsEWU64mdzUOPusi34M_wGoSf7iNyEWJ3dnaEwTmcmGLLh34Kfla1lRfQ07W44T6NiYB9J6i9GjsxUuhPw3Blq6rhZlGykT3Vp1phUafnulOOpts-MEmEE_kNVXrouX6vUe5QtJ1N3CJBvJHl5Vs9Y%3D.vKIookOKAT7KD7Y8mPCb9g%3D%3D&privateChannel=false&connectId=public timed out due to a ping-pong keepalive missing on time
2025-09-11 22:19:45,112 - WARNING - [kucoin] Error in symbol watcher for TRAC/USDT: Connection to wss://ws-api-spot.kucoin.com/?token=2neAiuYvAU61ZDXANAGAsiL4-iAExhsBXZxftpOeh_55i3Ysy2q2LEsEWU64mdzUOPusi34M_wGoSf7iNyEWJ3dnaEwTmcmGLLh34Kfla1lRfQ07W44T6NiYB9J6i9GjsxUuhPw3Blq6rhZlGykT3Vp1phUafnulOOpts-MEmEE_kNVXrouX6vUe5QtJ1N3CJBvJHl5Vs9Y%3D.vKIookOKAT7KD7Y8mPCb9g%3D%3D&privateChannel=false&connectId=public timed out due to a ping-pong keepalive missing on time
2025-09-11 22:19:45,113 - WARNING - [kucoin] Error in symbol watcher for KAS/BTC: Connection to wss://ws-api-spot.kucoin.com/?token=2neAiuYvAU61ZDXANAGAsiL4-iAExhsBXZxftpOeh_55i3Ysy2q2LEsEWU64mdzUOPusi34M_wGoSf7iNyEWJ3dnaEwTmcmGLLh34Kfla1lRfQ07W44T6NiYB9J6i9GjsxUuhPw3Blq6rhZlGykT3Vp1phUafnulOOpts-MEmEE_kNVXrouX6vUe5QtJ1N3CJBvJHl5Vs9Y%3D.vKIookOKAT7KD7Y8mPCb9g%3D%3D&privateChannel=false&connectId=public timed out due to a ping-pong keepalive missing on time
2025-09-11 22:19:45,117 - WARNING - [kucoin] Error in symbol watcher for ETH/USDT: Connection to wss://ws-api-spot.kucoin.com/?token=2neAiuYvAU61ZDXANAGAsiL4-iAExhsBXZxftpOeh_55i3Ysy2q2LEsEWU64mdzUOPusi34M_wGoSf7iNyEWJ3dnaEwTmcmGLLh34Kfla1lRfQ07W44T6NiYB9J6i9GjsxUuhPw3Blq6rhZlGykT3Vp1phUafnulOOpts-MEmEE_kNVXrouX6vUe5QtJ1N3CJBvJHl5Vs9Y%3D.vKIookOKAT7KD7Y8mPCb9g%3D%3D&privateChannel=false&connectId=public timed out due to a ping-pong keepalive missing on time
2025-09-11 22:19:45,127 - WARNING - [kucoin] Error in symbol watcher for TAO/USDC: Connection to wss://ws-api-spot.kucoin.com/?token=2neAiuYvAU61ZDXANAGAsiL4-iAExhsBXZxftpOeh_55i3Ysy2q2LEsEWU64mdzUOPusi34M_wGoSf7iNyEWJ3dnaEwTmcmGLLh34Kfla1lRfQ07W44T6NiYB9J6i9GjsxUuhPw3Blq6rhZlGykT3Vp1phUafnulOOpts-MEmEE_kNVXrouX6vUe5QtJ1N3CJBvJHl5Vs9Y%3D.vKIookOKAT7KD7Y8mPCb9g%3D%3D&privateChannel=false&connectId=public timed out due to a ping-pong keepalive missing on time
2025-09-11 22:19:45,130 - WARNING - [kucoin] Error in symbol watcher for USD1/USDT: Connection to wss://ws-api-spot.kucoin.com/?token=2neAiuYvAU61ZDXANAGAsiL4-iAExhsBXZxftpOeh_55i3Ysy2q2LEsEWU64mdzUOPusi34M_wGoSf7iNyEWJ3dnaEwTmcmGLLh34Kfla1lRfQ07W44T6NiYB9J6i9GjsxUuhPw3Blq6rhZlGykT3Vp1phUafnulOOpts-MEmEE_kNVXrouX6vUe5QtJ1N3CJBvJHl5Vs9Y%3D.vKIookOKAT7KD7Y8mPCb9g%3D%3D&privateChannel=false&connectId=public timed out due to a ping-pong keepalive missing on time
2025-09-11 22:19:45,131 - WARNING - [kucoin] Error in symbol watcher for DGB/ETH: Connection to wss://ws-api-spot.kucoin.com/?token=2neAiuYvAU61ZDXANAGAsiL4-iAExhsBXZxftpOeh_55i3Ysy2q2LEsEWU64mdzUOPusi34M_wGoSf7iNyEWJ3dnaEwTmcmGLLh34Kfla1lRfQ07W44T6NiYB9J6i9GjsxUuhPw3Blq6rhZlGykT3Vp1phUafnulOOpts-MEmEE_kNVXrouX6vUe5QtJ1N3CJBvJHl5Vs9Y%3D.vKIookOKAT7KD7Y8mPCb9g%3D%3D&privateChannel=false&connectId=public timed out due to a ping-pong keepalive missing on time
2025-09-11 22:19:45,133 - WARNING - [kucoin] Error in symbol watcher for XRP/USDT: Connection to wss://ws-api-spot.kucoin.com/?token=2neAiuYvAU61ZDXANAGAsiL4-iAExhsBXZxftpOeh_55i3Ysy2q2LEsEWU64mdzUOPusi34M_wGoSf7iNyEWJ3dnaEwTmcmGLLh34Kfla1lRfQ07W44T6NiYB9J6i9GjsxUuhPw3Blq6rhZlGykT3Vp1phUafnulOOpts-MEmEE_kNVXrouX6vUe5QtJ1N3CJBvJHl5Vs9Y%3D.vKIookOKAT7KD7Y8mPCb9g%3D%3D&privateChannel=false&connectId=public timed out due to a ping-pong keepalive missing on time
2025-09-11 22:19:45,133 - WARNING - [kucoin] Error in symbol watcher for ADA/USDT: Connection to wss://ws-api-spot.kucoin.com/?token=2neAiuYvAU61ZDXANAGAsiL4-iAExhsBXZxftpOeh_55i3Ysy2q2LEsEWU64mdzUOPusi34M_wGoSf7iNyEWJ3dnaEwTmcmGLLh34Kfla1lRfQ07W44T6NiYB9J6i9GjsxUuhPw3Blq6rhZlGykT3Vp1phUafnulOOpts-MEmEE_kNVXrouX6vUe5QtJ1N3CJBvJHl5Vs9Y%3D.vKIookOKAT7KD7Y8mPCb9g%3D%3D&privateChannel=false&connectId=public timed out due to a ping-pong keepalive missing on time
2025-09-11 22:19:45,133 - WARNING - [kucoin] Error in symbol watcher for BTC/USDT: Connection to wss://ws-api-spot.kucoin.com/?token=2neAiuYvAU61ZDXANAGAsiL4-iAExhsBXZxftpOeh_55i3Ysy2q2LEsEWU64mdzUOPusi34M_wGoSf7iNyEWJ3dnaEwTmcmGLLh34Kfla1lRfQ07W44T6NiYB9J6i9GjsxUuhPw3Blq6rhZlGykT3Vp1phUafnulOOpts-MEmEE_kNVXrouX6vUe5QtJ1N3CJBvJHl5Vs9Y%3D.vKIookOKAT7KD7Y8mPCb9g%3D%3D&privateChannel=false&connectId=public timed out due to a ping-pong keepalive missing on time
2025-09-11 22:19:45,140 - WARNING - [kucoin] Error in symbol watcher for DOT/USDT: Connection to wss://ws-api-spot.kucoin.com/?token=2neAiuYvAU61ZDXANAGAsiL4-iAExhsBXZxftpOeh_55i3Ysy2q2LEsEWU64mdzUOPusi34M_wGoSf7iNyEWJ3dnaEwTmcmGLLh34Kfla1lRfQ07W44T6NiYB9J6i9GjsxUuhPw3Blq6rhZlGykT3Vp1phUafnulOOpts-MEmEE_kNVXrouX6vUe5QtJ1N3CJBvJHl5Vs9Y%3D.vKIookOKAT7KD7Y8mPCb9g%3D%3D&privateChannel=false&connectId=public timed out due to a ping-pong keepalive missing on time
2025-09-11 22:19:45,404 - INFO - [kucoin] Reconnecting in 30 seconds...
2025-09-11 22:19:45,404 - INFO - [kucoin] Reconnecting in 30 seconds...
2025-09-11 22:19:45,404 - INFO - [kucoin] Reconnecting in 30 seconds...
2025-09-11 22:19:45,404 - INFO - [kucoin] Reconnecting in 30 seconds...
2025-09-11 22:19:45,404 - INFO - [kucoin] Reconnecting in 30 seconds...
2025-09-11 22:19:45,404 - INFO - [kucoin] Reconnecting in 30 seconds...
2025-09-11 22:19:45,404 - INFO - [kucoin] Reconnecting in 30 seconds...
2025-09-11 22:19:45,404 - INFO - [kucoin] Reconnecting in 30 seconds...
2025-09-11 22:19:45,404 - INFO - [kucoin] Reconnecting in 30 seconds...
2025-09-11 22:19:45,404 - INFO - [kucoin] Reconnecting in 30 seconds...
2025-09-11 22:19:45,411 - INFO - [kucoin] Reconnecting in 30 seconds...
2025-09-11 22:19:45,412 - INFO - [kucoin] Reconnecting in 30 seconds...
2025-09-11 22:19:45,413 - INFO - [kucoin] Reconnecting in 30 seconds...
2025-09-11 22:19:45,416 - INFO - [kucoin] Reconnecting in 30 seconds...
2025-09-11 22:19:45,421 - INFO - [kucoin] Reconnecting in 30 seconds...
2025-09-11 22:19:45,424 - INFO - [kucoin] Reconnecting in 30 seconds...
2025-09-11 22:19:45,425 - INFO - [kucoin] Reconnecting in 30 seconds...
2025-09-11 22:19:45,425 - INFO - [kucoin] Reconnecting in 30 seconds...
2025-09-11 22:19:45,426 - INFO - [kucoin] Reconnecting in 30 seconds...
2025-09-11 22:19:45,426 - INFO - [kucoin] Reconnecting in 30 seconds...
2025-09-11 22:19:45,426 - INFO - [kucoin] Reconnecting in 30 seconds...
2025-09-11 22:19:45,427 - INFO - [kucoin] Reconnecting in 30 seconds...
2025-09-11 22:19:45,430 - INFO - [kucoin] Reconnecting in 30 seconds...
2025-09-11 22:19:45,431 - INFO - [kucoin] Reconnecting in 30 seconds...
2025-09-11 22:19:45,431 - INFO - [kucoin] Reconnecting in 30 seconds...
2025-09-11 22:20:42,966 - WARNING - [gate] Error in symbol watcher for DOT/BTC: Connection to wss://api.gateio.ws/ws/v4/ timed out due to a ping-pong keepalive missing on time
2025-09-11 22:20:42,968 - WARNING - [gate] Error in symbol watcher for CVC/ETH: Connection to wss://api.gateio.ws/ws/v4/ timed out due to a ping-pong keepalive missing on time
2025-09-11 22:20:42,969 - WARNING - [gate] Error in symbol watcher for KDA/BTC: Connection to wss://api.gateio.ws/ws/v4/ timed out due to a ping-pong keepalive missing on time
2025-09-11 22:20:42,972 - WARNING - [gate] Error in symbol watcher for HYPER/USDT: Connection to wss://api.gateio.ws/ws/v4/ timed out due to a ping-pong keepalive missing on time
2025-09-11 22:20:42,972 - WARNING - [gate] Error in symbol watcher for RBC/USDT: Connection to wss://api.gateio.ws/ws/v4/ timed out due to a ping-pong keepalive missing on time
2025-09-11 22:20:42,976 - WARNING - [gate] Error in symbol watcher for QTUM/USDT: Connection to wss://api.gateio.ws/ws/v4/ timed out due to a ping-pong keepalive missing on time
2025-09-11 22:20:42,977 - WARNING - [gate] Error in symbol watcher for DOGE/BTC: Connection to wss://api.gateio.ws/ws/v4/ timed out due to a ping-pong keepalive missing on time
2025-09-11 22:20:43,006 - WARNING - [gate] Error in symbol watcher for FIL/USDT: Connection to wss://api.gateio.ws/ws/v4/ timed out due to a ping-pong keepalive missing on time
2025-09-11 22:20:43,022 - WARNING - [gate] Error in symbol watcher for FIL/USDT: Connection to wss://api.gateio.ws/ws/v4/ timed out due to a ping-pong keepalive missing on time
2025-09-11 22:20:43,024 - WARNING - [gate] Error in symbol watcher for ATOM/BTC: Connection to wss://api.gateio.ws/ws/v4/ timed out due to a ping-pong keepalive missing on time
2025-09-11 22:20:43,026 - WARNING - [gate] Error in symbol watcher for PEPE/USDC: Connection to wss://api.gateio.ws/ws/v4/ timed out due to a ping-pong keepalive missing on time
2025-09-11 22:20:43,038 - WARNING - [gate] Error in symbol watcher for BLUR/USDC: Connection to wss://api.gateio.ws/ws/v4/ timed out due to a ping-pong keepalive missing on time
2025-09-11 22:20:43,055 - WARNING - [gate] Error in symbol watcher for ETH/BTC: Connection to wss://api.gateio.ws/ws/v4/ timed out due to a ping-pong keepalive missing on time
2025-09-11 22:20:43,062 - WARNING - [gate] Error in symbol watcher for ATOM/USDC: Connection to wss://api.gateio.ws/ws/v4/ timed out due to a ping-pong keepalive missing on time
2025-09-11 22:20:43,077 - WARNING - [gate] Error in symbol watcher for BTC/USD1: Connection to wss://api.gateio.ws/ws/v4/ timed out due to a ping-pong keepalive missing on time
2025-09-11 22:20:43,078 - WARNING - [gate] Error in symbol watcher for DOT/USDT: Connection to wss://api.gateio.ws/ws/v4/ timed out due to a ping-pong keepalive missing on time
2025-09-11 22:20:43,092 - WARNING - [gate] Error in symbol watcher for WLFI/USD1: Connection to wss://api.gateio.ws/ws/v4/ timed out due to a ping-pong keepalive missing on time
2025-09-11 22:20:43,093 - WARNING - [gate] Error in symbol watcher for JTO/USDC: Connection to wss://api.gateio.ws/ws/v4/ timed out due to a ping-pong keepalive missing on time
2025-09-11 22:20:43,094 - WARNING - [gate] Error in symbol watcher for XRP/USDT: Connection to wss://api.gateio.ws/ws/v4/ timed out due to a ping-pong keepalive missing on time
2025-09-11 22:20:43,094 - WARNING - [gate] Error in symbol watcher for ADA/USDT: Connection to wss://api.gateio.ws/ws/v4/ timed out due to a ping-pong keepalive missing on time
2025-09-11 22:20:43,101 - WARNING - [gate] Error in symbol watcher for ORDI/USDC: Connection to wss://api.gateio.ws/ws/v4/ timed out due to a ping-pong keepalive missing on time
2025-09-11 22:20:43,103 - WARNING - [gate] Error in symbol watcher for LINK/USDC: Connection to wss://api.gateio.ws/ws/v4/ timed out due to a ping-pong keepalive missing on time
2025-09-11 22:20:43,104 - WARNING - [gate] Error in symbol watcher for WLD/USDT: Connection to wss://api.gateio.ws/ws/v4/ timed out due to a ping-pong keepalive missing on time
2025-09-11 22:20:43,106 - WARNING - [gate] Error in symbol watcher for AR/USDC: Connection to wss://api.gateio.ws/ws/v4/ timed out due to a ping-pong keepalive missing on time
2025-09-11 22:20:43,108 - WARNING - [gate] Error in symbol watcher for ARB/USDC: Connection to wss://api.gateio.ws/ws/v4/ timed out due to a ping-pong keepalive missing on time
2025-09-11 22:20:43,384 - INFO - [gate] Reconnecting in 30 seconds...
2025-09-11 22:20:43,389 - INFO - [gate] Reconnecting in 30 seconds...
2025-09-11 22:20:43,394 - INFO - [gate] Reconnecting in 30 seconds...
2025-09-11 22:20:43,408 - INFO - [gate] Reconnecting in 30 seconds...
2025-09-11 22:20:43,409 - INFO - [gate] Reconnecting in 30 seconds...
2025-09-11 22:20:43,410 - INFO - [gate] Reconnecting in 30 seconds...
2025-09-11 22:20:43,422 - INFO - [gate] Reconnecting in 30 seconds...
2025-09-11 22:20:43,423 - INFO - [gate] Reconnecting in 30 seconds...
2025-09-11 22:20:43,424 - INFO - [gate] Reconnecting in 30 seconds...
2025-09-11 22:20:43,425 - INFO - [gate] Reconnecting in 30 seconds...
2025-09-11 22:20:43,427 - INFO - [gate] Reconnecting in 30 seconds...
2025-09-11 22:20:43,428 - INFO - [gate] Reconnecting in 30 seconds...
2025-09-11 22:20:43,455 - INFO - [gate] Reconnecting in 30 seconds...
2025-09-11 22:20:43,456 - INFO - [gate] Reconnecting in 30 seconds...
2025-09-11 22:20:43,457 - INFO - [gate] Reconnecting in 30 seconds...
2025-09-11 22:20:43,458 - INFO - [gate] Reconnecting in 30 seconds...
2025-09-11 22:20:43,459 - INFO - [gate] Reconnecting in 30 seconds...
2025-09-11 22:20:43,460 - INFO - [gate] Reconnecting in 30 seconds...
2025-09-11 22:20:43,471 - INFO - [gate] Reconnecting in 30 seconds...
2025-09-11 22:20:43,472 - INFO - [gate] Reconnecting in 30 seconds...
2025-09-11 22:20:43,473 - INFO - [gate] Reconnecting in 30 seconds...
2025-09-11 22:20:43,475 - INFO - [gate] Reconnecting in 30 seconds...
2025-09-11 22:20:43,476 - INFO - [gate] Reconnecting in 30 seconds...
2025-09-11 22:20:43,477 - INFO - [gate] Reconnecting in 30 seconds...
2025-09-11 22:20:43,478 - INFO - [gate] Reconnecting in 30 seconds...
2025-09-11 22:20:57,323 - WARNING - [kucoin] Error in symbol watcher for ETH/USDT: kucoin GET https://api.kucoin.com/api/v1/market/orderbook/level2_100?symbol=ETH-USDT
2025-09-11 22:21:03,101 - WARNING - [bybit] Error in symbol watcher for JTO/USDC: Connection to wss://stream.bybit.com/v5/public/spot timed out due to a ping-pong keepalive missing on time
2025-09-11 22:21:03,103 - WARNING - [bybit] Error in symbol watcher for DOT/BTC: Connection to wss://stream.bybit.com/v5/public/spot timed out due to a ping-pong keepalive missing on time
2025-09-11 22:21:03,105 - WARNING - [bybit] Error in symbol watcher for USDT/PLN: Connection to wss://stream.bybit.com/v5/public/spot timed out due to a ping-pong keepalive missing on time
2025-09-11 22:21:03,106 - WARNING - [bybit] Error in symbol watcher for BRETT/USDC: Connection to wss://stream.bybit.com/v5/public/spot timed out due to a ping-pong keepalive missing on time
2025-09-11 22:21:03,107 - WARNING - [bybit] Error in symbol watcher for HFT/USDC: Connection to wss://stream.bybit.com/v5/public/spot timed out due to a ping-pong keepalive missing on time
2025-09-11 22:21:03,109 - WARNING - [bybit] Error in symbol watcher for ORDI/USDC: Connection to wss://stream.bybit.com/v5/public/spot timed out due to a ping-pong keepalive missing on time
2025-09-11 22:21:03,113 - WARNING - [bybit] Error in symbol watcher for SWELL/USDT: Connection to wss://stream.bybit.com/v5/public/spot timed out due to a ping-pong keepalive missing on time
2025-09-11 22:21:03,116 - WARNING - [bybit] Error in symbol watcher for ETH/BTC: Connection to wss://stream.bybit.com/v5/public/spot timed out due to a ping-pong keepalive missing on time
2025-09-11 22:21:03,120 - WARNING - [bybit] Error in symbol watcher for AR/USDC: Connection to wss://stream.bybit.com/v5/public/spot timed out due to a ping-pong keepalive missing on time
2025-09-11 22:21:03,122 - WARNING - [bybit] Error in symbol watcher for PEPE/USDC: Connection to wss://stream.bybit.com/v5/public/spot timed out due to a ping-pong keepalive missing on time
2025-09-11 22:21:03,124 - WARNING - [bybit] Error in symbol watcher for QTUM/USDT: Connection to wss://stream.bybit.com/v5/public/spot timed out due to a ping-pong keepalive missing on time
2025-09-11 22:21:03,131 - WARNING - [bybit] Error in symbol watcher for XRP/USDT: Connection to wss://stream.bybit.com/v5/public/spot timed out due to a ping-pong keepalive missing on time
2025-09-11 22:21:03,136 - WARNING - [bybit] Error in symbol watcher for ADA/USDT: Connection to wss://stream.bybit.com/v5/public/spot timed out due to a ping-pong keepalive missing on time
2025-09-11 22:21:03,136 - WARNING - [bybit] Error in symbol watcher for LINK/USDC: Connection to wss://stream.bybit.com/v5/public/spot timed out due to a ping-pong keepalive missing on time
2025-09-11 22:21:03,146 - WARNING - [bybit] Error in symbol watcher for ARB/USDC: Connection to wss://stream.bybit.com/v5/public/spot timed out due to a ping-pong keepalive missing on time
2025-09-11 22:21:03,151 - WARNING - [bybit] Error in symbol watcher for DOGS/EUR: Connection to wss://stream.bybit.com/v5/public/spot timed out due to a ping-pong keepalive missing on time
2025-09-11 22:21:03,151 - WARNING - [bybit] Error in symbol watcher for PUMP/USDT: Connection to wss://stream.bybit.com/v5/public/spot timed out due to a ping-pong keepalive missing on time
2025-09-11 22:21:03,162 - WARNING - [bybit] Error in symbol watcher for FIL/USDT: Connection to wss://stream.bybit.com/v5/public/spot timed out due to a ping-pong keepalive missing on time
2025-09-11 22:21:03,165 - WARNING - [bybit] Error in symbol watcher for FIL/USDT: Connection to wss://stream.bybit.com/v5/public/spot timed out due to a ping-pong keepalive missing on time
2025-09-11 22:21:03,167 - WARNING - [bybit] Error in symbol watcher for ATOM/USDC: Connection to wss://stream.bybit.com/v5/public/spot timed out due to a ping-pong keepalive missing on time
2025-09-11 22:21:03,167 - WARNING - [bybit] Error in symbol watcher for WLD/USDT: Connection to wss://stream.bybit.com/v5/public/spot timed out due to a ping-pong keepalive missing on time
2025-09-11 22:21:03,169 - WARNING - [bybit] Error in symbol watcher for TRUMP/USDC: Connection to wss://stream.bybit.com/v5/public/spot timed out due to a ping-pong keepalive missing on time
2025-09-11 22:21:03,170 - WARNING - [bybit] Error in symbol watcher for TRUMP/USDT: Connection to wss://stream.bybit.com/v5/public/spot timed out due to a ping-pong keepalive missing on time
2025-09-11 22:21:03,171 - WARNING - [bybit] Error in symbol watcher for TON/USDT: Connection to wss://stream.bybit.com/v5/public/spot timed out due to a ping-pong keepalive missing on time
2025-09-11 22:21:03,179 - WARNING - [bybit] Error in symbol watcher for DOT/USDT: Connection to wss://stream.bybit.com/v5/public/spot timed out due to a ping-pong keepalive missing on time
2025-09-11 22:21:03,426 - INFO - [bybit] Reconnecting in 30 seconds...
2025-09-11 22:21:03,426 - INFO - [bybit] Reconnecting in 30 seconds...
2025-09-11 22:21:03,426 - INFO - [bybit] Reconnecting in 30 seconds...
2025-09-11 22:21:03,426 - INFO - [bybit] Reconnecting in 30 seconds...
2025-09-11 22:21:03,426 - INFO - [bybit] Reconnecting in 30 seconds...
2025-09-11 22:21:03,426 - INFO - [bybit] Reconnecting in 30 seconds...
2025-09-11 22:21:03,436 - INFO - [bybit] Reconnecting in 30 seconds...
2025-09-11 22:21:03,439 - INFO - [bybit] Reconnecting in 30 seconds...
2025-09-11 22:21:03,447 - INFO - [bybit] Reconnecting in 30 seconds...
2025-09-11 22:21:03,448 - INFO - [bybit] Reconnecting in 30 seconds...
2025-09-11 22:21:03,449 - INFO - [bybit] Reconnecting in 30 seconds...
2025-09-11 22:21:03,450 - INFO - [bybit] Reconnecting in 30 seconds...
2025-09-11 22:21:03,451 - INFO - [bybit] Reconnecting in 30 seconds...
2025-09-11 22:21:03,452 - INFO - [bybit] Reconnecting in 30 seconds...
2025-09-11 22:21:03,453 - INFO - [bybit] Reconnecting in 30 seconds...
2025-09-11 22:21:03,457 - INFO - [bybit] Reconnecting in 30 seconds...
2025-09-11 22:21:03,458 - INFO - [bybit] Reconnecting in 30 seconds...
2025-09-11 22:21:03,463 - INFO - [bybit] Reconnecting in 30 seconds...
2025-09-11 22:21:03,465 - INFO - [bybit] Reconnecting in 30 seconds...
2025-09-11 22:21:03,467 - INFO - [bybit] Reconnecting in 30 seconds...
2025-09-11 22:21:03,468 - INFO - [bybit] Reconnecting in 30 seconds...
2025-09-11 22:21:03,470 - INFO - [bybit] Reconnecting in 30 seconds...
2025-09-11 22:21:03,471 - INFO - [bybit] Reconnecting in 30 seconds...
2025-09-11 22:21:03,473 - INFO - [bybit] Reconnecting in 30 seconds...
2025-09-11 22:21:03,474 - INFO - [bybit] Reconnecting in 30 seconds...
2025-09-11 22:21:07,606 - INFO - [kucoin] Reconnecting in 60 seconds...
2025-09-11 22:21:07,640 - INFO - Updating account balances...
2025-09-11 22:21:07,740 - WARNING - Failed to fetch balance for bybit (attempt 1): bybit requires "apiKey" credential
2025-09-11 22:21:10,885 - WARNING - Failed to fetch balance for bybit (attempt 2): bybit requires "apiKey" credential
2025-09-11 22:21:15,978 - WARNING - Failed to fetch balance for bybit (attempt 3): bybit requires "apiKey" credential
